<?xml version="1.0" ?>
<coverage version="7.14.1" timestamp="1781193404389" lines-valid="486" lines-covered="136" line-rate="0.2798" branches-valid="116" branches-covered="13" branch-rate="0.1121" complexity="0">
	<!-- Generated by coverage.py: https://coverage.readthedocs.io/en/7.14.1 -->
	<!-- Based on https://raw.githubusercontent.com/cobertura/web/master/htdocs/xml/coverage-04.dtd -->
	<sources>
		<source>C:\Users\VAISHNAVI\OneDrive\Desktop\resume-coach\attendance-tracker</source>
	</sources>
	<packages>
		<package name="." line-rate="0.2798" branch-rate="0.1121" complexity="0">
			<classes>
				<class name="app.py" filename="app.py" complexity="0" line-rate="0.2754" branch-rate="0.1121">
					<methods/>
					<lines>
						<line number="1" hits="1"/>
						<line number="3" hits="1"/>
						<line number="4" hits="1"/>
						<line number="5" hits="1"/>
						<line number="6" hits="1"/>
						<line number="7" hits="1"/>
						<line number="8" hits="1"/>
						<line number="9" hits="1"/>
						<line number="10" hits="1"/>
						<line number="11" hits="1"/>
						<line number="12" hits="1"/>
						<line number="13" hits="1"/>
						<line number="14" hits="1"/>
						<line number="16" hits="1"/>
						<line number="17" hits="1"/>
						<line number="19" hits="1"/>
						<line number="22" hits="1"/>
						<line number="23" hits="1"/>
						<line number="24" hits="1"/>
						<line number="25" hits="1"/>
						<line number="26" hits="1"/>
						<line number="27" hits="1"/>
						<line number="30" hits="1"/>
						<line number="31" hits="1"/>
						<line number="32" hits="1"/>
						<line number="33" hits="1"/>
						<line number="34" hits="1"/>
						<line number="35" hits="1"/>
						<line number="38" hits="1"/>
						<line number="39" hits="1"/>
						<line number="40" hits="1"/>
						<line number="41" hits="1"/>
						<line number="42" hits="1"/>
						<line number="43" hits="1"/>
						<line number="46" hits="1"/>
						<line number="47" hits="1"/>
						<line number="49" hits="0"/>
						<line number="50" hits="0"/>
						<line number="51" hits="0"/>
						<line number="52" hits="0"/>
						<line number="53" hits="0"/>
						<line number="54" hits="0"/>
						<line number="55" hits="0"/>
						<line number="57" hits="0"/>
						<line number="60" hits="1"/>
						<line number="66" hits="1"/>
						<line number="69" hits="1"/>
						<line number="75" hits="0"/>
						<line number="78" hits="1"/>
						<line number="88" hits="1"/>
						<line number="89" hits="1"/>
						<line number="90" hits="1"/>
						<line number="93" hits="1"/>
						<line number="102" hits="0" branch="true" condition-coverage="0% (0/2)" missing-branches="103,104"/>
						<line number="103" hits="0"/>
						<line number="104" hits="0"/>
						<line number="105" hits="0"/>
						<line number="108" hits="1"/>
						<line number="120" hits="0" branch="true" condition-coverage="0% (0/2)" missing-branches="121,122"/>
						<line number="121" hits="0"/>
						<line number="122" hits="0" branch="true" condition-coverage="0% (0/2)" missing-branches="123,124"/>
						<line number="123" hits="0"/>
						<line number="124" hits="0" branch="true" condition-coverage="0% (0/2)" missing-branches="125,126"/>
						<line number="125" hits="0"/>
						<line number="126" hits="0" branch="true" condition-coverage="0% (0/2)" missing-branches="127,128"/>
						<line number="127" hits="0"/>
						<line number="128" hits="0"/>
						<line number="131" hits="1"/>
						<line number="141" hits="1"/>
						<line number="142" hits="1"/>
						<line number="143" hits="0"/>
						<line number="144" hits="0"/>
						<line number="145" hits="1"/>
						<line number="146" hits="1"/>
						<line number="149" hits="1"/>
						<line number="151" hits="1"/>
						<line number="152" hits="1"/>
						<line number="153" hits="1"/>
						<line number="154" hits="1"/>
						<line number="157" hits="1"/>
						<line number="163" hits="1"/>
						<line number="164" hits="1"/>
						<line number="168" hits="1" branch="true" condition-coverage="100% (2/2)"/>
						<line number="169" hits="1"/>
						<line number="178" hits="1"/>
						<line number="179" hits="1" branch="true" condition-coverage="50% (1/2)" missing-branches="180"/>
						<line number="180" hits="0"/>
						<line number="182" hits="1"/>
						<line number="189" hits="1" branch="true" condition-coverage="100% (2/2)"/>
						<line number="190" hits="1"/>
						<line number="201" hits="1"/>
						<line number="202" hits="0" branch="true" condition-coverage="0% (0/2)" missing-branches="exit,203"/>
						<line number="203" hits="0"/>
						<line number="206" hits="1"/>
						<line number="216" hits="0"/>
						<line number="217" hits="0"/>
						<line number="218" hits="0"/>
						<line number="231" hits="1"/>
						<line number="243" hits="1"/>
						<line number="244" hits="1"/>
						<line number="245" hits="1" branch="true" condition-coverage="50% (1/2)" missing-branches="246"/>
						<line number="246" hits="0"/>
						<line number="247" hits="1"/>
						<line number="248" hits="1"/>
						<line number="249" hits="1"/>
						<line number="250" hits="1"/>
						<line number="251" hits="1"/>
						<line number="252" hits="0"/>
						<line number="253" hits="0" branch="true" condition-coverage="0% (0/2)" missing-branches="254,255"/>
						<line number="254" hits="0"/>
						<line number="255" hits="0"/>
						<line number="258" hits="1"/>
						<line number="268" hits="1"/>
						<line number="271" hits="1"/>
						<line number="281" hits="1"/>
						<line number="284" hits="1"/>
						<line number="294" hits="0"/>
						<line number="295" hits="0"/>
						<line number="296" hits="0"/>
						<line number="297" hits="0"/>
						<line number="298" hits="0"/>
						<line number="299" hits="0"/>
						<line number="300" hits="0"/>
						<line number="303" hits="1"/>
						<line number="313" hits="1"/>
						<line number="314" hits="1" branch="true" condition-coverage="50% (1/2)" missing-branches="315"/>
						<line number="315" hits="0"/>
						<line number="317" hits="1"/>
						<line number="318" hits="1"/>
						<line number="319" hits="1"/>
						<line number="320" hits="1" branch="true" condition-coverage="50% (1/2)" missing-branches="321"/>
						<line number="321" hits="0"/>
						<line number="322" hits="1"/>
						<line number="325" hits="1"/>
						<line number="335" hits="1"/>
						<line number="336" hits="1"/>
						<line number="337" hits="1" branch="true" condition-coverage="50% (1/2)" missing-branches="338"/>
						<line number="338" hits="0"/>
						<line number="339" hits="1"/>
						<line number="340" hits="1"/>
						<line number="341" hits="1"/>
						<line number="344" hits="1"/>
						<line number="345" hits="1" branch="true" condition-coverage="100% (2/2)"/>
						<line number="346" hits="1"/>
						<line number="347" hits="1" branch="true" condition-coverage="50% (1/2)" missing-branches="348"/>
						<line number="348" hits="0"/>
						<line number="349" hits="0"/>
						<line number="350" hits="0"/>
						<line number="351" hits="0"/>
						<line number="352" hits="0"/>
						<line number="353" hits="1"/>
						<line number="356" hits="1"/>
						<line number="357" hits="1"/>
						<line number="358" hits="1"/>
						<line number="359" hits="1" branch="true" condition-coverage="50% (1/2)" missing-branches="361"/>
						<line number="360" hits="1"/>
						<line number="361" hits="0" branch="true" condition-coverage="0% (0/2)" missing-branches="362,365"/>
						<line number="362" hits="0"/>
						<line number="363" hits="0"/>
						<line number="364" hits="0"/>
						<line number="365" hits="0" branch="true" condition-coverage="0% (0/2)" missing-branches="366,369"/>
						<line number="366" hits="0"/>
						<line number="367" hits="0"/>
						<line number="368" hits="0"/>
						<line number="369" hits="0"/>
						<line number="370" hits="0"/>
						<line number="373" hits="1"/>
						<line number="374" hits="0"/>
						<line number="375" hits="0"/>
						<line number="376" hits="0"/>
						<line number="377" hits="0"/>
						<line number="381" hits="0"/>
						<line number="392" hits="0"/>
						<line number="393" hits="0"/>
						<line number="394" hits="0"/>
						<line number="395" hits="0"/>
						<line number="397" hits="0"/>
						<line number="402" hits="0" branch="true" condition-coverage="0% (0/2)" missing-branches="403,409"/>
						<line number="403" hits="0"/>
						<line number="404" hits="0" branch="true" condition-coverage="0% (0/2)" missing-branches="405,408"/>
						<line number="405" hits="0"/>
						<line number="406" hits="0"/>
						<line number="407" hits="0"/>
						<line number="408" hits="0"/>
						<line number="409" hits="0"/>
						<line number="412" hits="1"/>
						<line number="413" hits="1"/>
						<line number="414" hits="1"/>
						<line number="417" hits="1"/>
						<line number="418" hits="1"/>
						<line number="419" hits="1"/>
						<line number="422" hits="1"/>
						<line number="423" hits="0"/>
						<line number="433" hits="0"/>
						<line number="441" hits="0"/>
						<line number="442" hits="0"/>
						<line number="443" hits="0"/>
						<line number="445" hits="0"/>
						<line number="452" hits="0"/>
						<line number="453" hits="0" branch="true" condition-coverage="0% (0/2)" missing-branches="454,456"/>
						<line number="454" hits="0"/>
						<line number="456" hits="0"/>
						<line number="478" hits="0"/>
						<line number="479" hits="0"/>
						<line number="480" hits="0"/>
						<line number="483" hits="1"/>
						<line number="484" hits="0"/>
						<line number="485" hits="0"/>
						<line number="495" hits="1"/>
						<line number="496" hits="0"/>
						<line number="503" hits="0" branch="true" condition-coverage="0% (0/2)" missing-branches="504,506"/>
						<line number="504" hits="0"/>
						<line number="506" hits="0"/>
						<line number="507" hits="0"/>
						<line number="508" hits="0"/>
						<line number="509" hits="0" branch="true" condition-coverage="0% (0/2)" missing-branches="510,517"/>
						<line number="510" hits="0"/>
						<line number="511" hits="0"/>
						<line number="515" hits="0"/>
						<line number="517" hits="0"/>
						<line number="527" hits="0"/>
						<line number="529" hits="0" branch="true" condition-coverage="0% (0/2)" missing-branches="530,532"/>
						<line number="530" hits="0"/>
						<line number="532" hits="0"/>
						<line number="533" hits="0"/>
						<line number="534" hits="0"/>
						<line number="535" hits="0"/>
						<line number="536" hits="0"/>
						<line number="537" hits="0"/>
						<line number="538" hits="0"/>
						<line number="539" hits="0"/>
						<line number="540" hits="0"/>
						<line number="541" hits="0"/>
						<line number="542" hits="0"/>
						<line number="543" hits="0"/>
						<line number="544" hits="0" branch="true" condition-coverage="0% (0/2)" missing-branches="545,580"/>
						<line number="545" hits="0" branch="true" condition-coverage="0% (0/2)" missing-branches="546,547"/>
						<line number="546" hits="0"/>
						<line number="547" hits="0" branch="true" condition-coverage="0% (0/2)" missing-branches="548,550"/>
						<line number="548" hits="0"/>
						<line number="550" hits="0"/>
						<line number="551" hits="0"/>
						<line number="552" hits="0"/>
						<line number="553" hits="0"/>
						<line number="573" hits="0"/>
						<line number="574" hits="0"/>
						<line number="575" hits="0"/>
						<line number="576" hits="0"/>
						<line number="577" hits="0"/>
						<line number="578" hits="0"/>
						<line number="580" hits="0"/>
						<line number="581" hits="0"/>
						<line number="582" hits="0" branch="true" condition-coverage="0% (0/2)" missing-branches="583,585"/>
						<line number="583" hits="0"/>
						<line number="584" hits="0"/>
						<line number="585" hits="0"/>
						<line number="590" hits="0"/>
						<line number="591" hits="0" branch="true" condition-coverage="0% (0/2)" missing-branches="592,595"/>
						<line number="592" hits="0"/>
						<line number="593" hits="0"/>
						<line number="595" hits="0"/>
						<line number="596" hits="0"/>
						<line number="597" hits="0"/>
						<line number="598" hits="0"/>
						<line number="599" hits="0"/>
						<line number="600" hits="0"/>
						<line number="601" hits="0"/>
						<line number="602" hits="0"/>
						<line number="603" hits="0"/>
						<line number="604" hits="0"/>
						<line number="605" hits="0"/>
						<line number="606" hits="0" branch="true" condition-coverage="0% (0/2)" missing-branches="exit,607"/>
						<line number="607" hits="0"/>
						<line number="608" hits="0"/>
						<line number="609" hits="0"/>
						<line number="630" hits="0"/>
						<line number="631" hits="0"/>
						<line number="632" hits="0"/>
						<line number="633" hits="0"/>
						<line number="634" hits="0"/>
						<line number="637" hits="1"/>
						<line number="638" hits="0"/>
						<line number="645" hits="0"/>
						<line number="648" hits="0" branch="true" condition-coverage="0% (0/2)" missing-branches="649,652"/>
						<line number="649" hits="0"/>
						<line number="650" hits="0"/>
						<line number="652" hits="0"/>
						<line number="653" hits="0"/>
						<line number="655" hits="0"/>
						<line number="666" hits="0"/>
						<line number="667" hits="0"/>
						<line number="668" hits="0" branch="true" condition-coverage="0% (0/2)" missing-branches="669,689"/>
						<line number="669" hits="0"/>
						<line number="670" hits="0"/>
						<line number="671" hits="0"/>
						<line number="672" hits="0"/>
						<line number="673" hits="0"/>
						<line number="680" hits="0"/>
						<line number="687" hits="0"/>
						<line number="689" hits="0"/>
						<line number="691" hits="0" branch="true" condition-coverage="0% (0/2)" missing-branches="692,713"/>
						<line number="692" hits="0"/>
						<line number="693" hits="0"/>
						<line number="694" hits="0" branch="true" condition-coverage="0% (0/2)" missing-branches="695,708"/>
						<line number="695" hits="0"/>
						<line number="708" hits="0"/>
						<line number="709" hits="0"/>
						<line number="710" hits="0"/>
						<line number="711" hits="0"/>
						<line number="713" hits="0"/>
						<line number="723" hits="0" branch="true" condition-coverage="0% (0/2)" missing-branches="exit,724"/>
						<line number="724" hits="0"/>
						<line number="725" hits="0"/>
						<line number="728" hits="1"/>
						<line number="729" hits="0"/>
						<line number="736" hits="0"/>
						<line number="737" hits="0"/>
						<line number="738" hits="0"/>
						<line number="750" hits="0"/>
						<line number="752" hits="0"/>
						<line number="753" hits="0" branch="true" condition-coverage="0% (0/2)" missing-branches="754,755"/>
						<line number="754" hits="0"/>
						<line number="755" hits="0"/>
						<line number="756" hits="0" branch="true" condition-coverage="0% (0/2)" missing-branches="757,759"/>
						<line number="757" hits="0"/>
						<line number="759" hits="0"/>
						<line number="765" hits="0"/>
						<line number="766" hits="0"/>
						<line number="772" hits="0" branch="true" condition-coverage="0% (0/2)" missing-branches="773,796"/>
						<line number="773" hits="0"/>
						<line number="774" hits="0"/>
						<line number="775" hits="0"/>
						<line number="776" hits="0"/>
						<line number="777" hits="0"/>
						<line number="778" hits="0"/>
						<line number="789" hits="0"/>
						<line number="790" hits="0"/>
						<line number="791" hits="0"/>
						<line number="792" hits="0"/>
						<line number="793" hits="0"/>
						<line number="794" hits="0"/>
						<line number="796" hits="0"/>
						<line number="797" hits="0"/>
						<line number="798" hits="0"/>
						<line number="799" hits="0"/>
						<line number="805" hits="0" branch="true" condition-coverage="0% (0/2)" missing-branches="exit,806"/>
						<line number="806" hits="0"/>
						<line number="807" hits="0"/>
						<line number="808" hits="0"/>
						<line number="809" hits="0" branch="true" condition-coverage="0% (0/2)" missing-branches="810,814"/>
						<line number="810" hits="0"/>
						<line number="811" hits="0"/>
						<line number="812" hits="0"/>
						<line number="814" hits="0"/>
						<line number="815" hits="0"/>
						<line number="816" hits="0"/>
						<line number="836" hits="0"/>
						<line number="838" hits="0"/>
						<line number="842" hits="0"/>
						<line number="843" hits="0"/>
						<line number="844" hits="0"/>
						<line number="847" hits="1"/>
						<line number="848" hits="0"/>
						<line number="849" hits="0"/>
						<line number="850" hits="0" branch="true" condition-coverage="0% (0/2)" missing-branches="851,853"/>
						<line number="851" hits="0"/>
						<line number="852" hits="0"/>
						<line number="853" hits="0" branch="true" condition-coverage="0% (0/2)" missing-branches="854,856"/>
						<line number="854" hits="0"/>
						<line number="855" hits="0"/>
						<line number="856" hits="0"/>
						<line number="857" hits="0"/>
						<line number="875" hits="1"/>
						<line number="876" hits="1"/>
						<line number="877" hits="1"/>
						<line number="878" hits="1"/>
						<line number="879" hits="1"/>
						<line number="880" hits="1"/>
						<line number="881" hits="1"/>
						<line number="882" hits="1"/>
						<line number="885" hits="1"/>
						<line number="886" hits="0"/>
						<line number="887" hits="0" branch="true" condition-coverage="0% (0/2)" missing-branches="888,889"/>
						<line number="888" hits="0"/>
						<line number="889" hits="0"/>
						<line number="890" hits="0"/>
						<line number="891" hits="0"/>
						<line number="892" hits="0"/>
						<line number="895" hits="1"/>
						<line number="896" hits="0"/>
						<line number="903" hits="0"/>
						<line number="904" hits="0"/>
						<line number="905" hits="0"/>
						<line number="906" hits="0"/>
						<line number="907" hits="0"/>
						<line number="908" hits="0"/>
						<line number="909" hits="0"/>
						<line number="912" hits="0"/>
						<line number="914" hits="0" branch="true" condition-coverage="0% (0/2)" missing-branches="915,918"/>
						<line number="915" hits="0"/>
						<line number="916" hits="0"/>
						<line number="918" hits="0"/>
						<line number="919" hits="0"/>
						<line number="920" hits="0"/>
						<line number="921" hits="0"/>
						<line number="922" hits="0"/>
						<line number="924" hits="0"/>
						<line number="936" hits="0"/>
						<line number="937" hits="0"/>
						<line number="938" hits="0"/>
						<line number="948" hits="1"/>
						<line number="949" hits="0"/>
						<line number="955" hits="0" branch="true" condition-coverage="0% (0/2)" missing-branches="956,959"/>
						<line number="956" hits="0"/>
						<line number="957" hits="0"/>
						<line number="959" hits="0"/>
						<line number="960" hits="0"/>
						<line number="962" hits="0"/>
						<line number="963" hits="0"/>
						<line number="964" hits="0"/>
						<line number="965" hits="0"/>
						<line number="966" hits="0"/>
						<line number="967" hits="0"/>
						<line number="968" hits="0"/>
						<line number="969" hits="0"/>
						<line number="970" hits="0" branch="true" condition-coverage="0% (0/2)" missing-branches="exit,971"/>
						<line number="971" hits="0"/>
						<line number="972" hits="0" branch="true" condition-coverage="0% (0/2)" missing-branches="973,975"/>
						<line number="973" hits="0"/>
						<line number="974" hits="0"/>
						<line number="975" hits="0" branch="true" condition-coverage="0% (0/2)" missing-branches="976,978"/>
						<line number="976" hits="0"/>
						<line number="977" hits="0"/>
						<line number="978" hits="0" branch="true" condition-coverage="0% (0/2)" missing-branches="979,981"/>
						<line number="979" hits="0"/>
						<line number="980" hits="0"/>
						<line number="981" hits="0"/>
						<line number="982" hits="0"/>
						<line number="983" hits="0"/>
						<line number="984" hits="0"/>
						<line number="1001" hits="0"/>
						<line number="1002" hits="0"/>
						<line number="1003" hits="0"/>
						<line number="1004" hits="0"/>
						<line number="1005" hits="0"/>
						<line number="1006" hits="0"/>
						<line number="1009" hits="1"/>
						<line number="1010" hits="0"/>
						<line number="1011" hits="0"/>
						<line number="1012" hits="0"/>
						<line number="1013" hits="0"/>
						<line number="1014" hits="0" branch="true" condition-coverage="0% (0/2)" missing-branches="1015,1017"/>
						<line number="1015" hits="0"/>
						<line number="1016" hits="0"/>
						<line number="1017" hits="0"/>
						<line number="1020" hits="1"/>
						<line number="1021" hits="0"/>
						<line number="1022" hits="0"/>
						<line number="1023" hits="0"/>
						<line number="1024" hits="0"/>
						<line number="1025" hits="0" branch="true" condition-coverage="0% (0/2)" missing-branches="1026,1029"/>
						<line number="1026" hits="0"/>
						<line number="1027" hits="0"/>
						<line number="1029" hits="0"/>
						<line number="1030" hits="0" branch="true" condition-coverage="0% (0/2)" missing-branches="1031,1032"/>
						<line number="1031" hits="0"/>
						<line number="1032" hits="0" branch="true" condition-coverage="0% (0/2)" missing-branches="1033,1034"/>
						<line number="1033" hits="0"/>
						<line number="1034" hits="0" branch="true" condition-coverage="0% (0/2)" missing-branches="1035,1036"/>
						<line number="1035" hits="0"/>
						<line number="1036" hits="0" branch="true" condition-coverage="0% (0/2)" missing-branches="1037,1038"/>
						<line number="1037" hits="0"/>
						<line number="1038" hits="0" branch="true" condition-coverage="0% (0/2)" missing-branches="1039,1040"/>
						<line number="1039" hits="0"/>
						<line number="1040" hits="0" branch="true" condition-coverage="0% (0/2)" missing-branches="exit,1041"/>
						<line number="1041" hits="0"/>
						<line number="1044" hits="1"/>
						<line number="1045" hits="0"/>
						<line number="1046" hits="0"/>
						<line number="1047" hits="0"/>
						<line number="1048" hits="0"/>
						<line number="1049" hits="0"/>
						<line number="1050" hits="0"/>
					</lines>
				</class>
				<class name="sql_queries.py" filename="sql_queries.py" complexity="0" line-rate="1" branch-rate="1">
					<methods/>
					<lines>
						<line number="3" hits="1"/>
						<line number="62" hits="1"/>
						<line number="72" hits="1"/>
					</lines>
				</class>
			</classes>
		</package>
	</packages>
</coverage>
